2023-06-20 21:21:07,305 ERROR org.springframework.boot.SpringApplication [main] Application run failed
java.lang.IllegalStateException: java.lang.IllegalStateException: Logback configuration error detected: 
ERROR in ch.qos.logback.classic.pattern.ClassOfCallerConverter@39dcf4b0 - failed to parse integer string [1.] java.lang.NumberFormatException: For input string: "1."
ERROR in ch.qos.logback.classic.pattern.ClassOfCallerConverter@6e4de19b - failed to parse integer string [1.] java.lang.NumberFormatException: For input string: "1."
	at org.springframework.boot.context.logging.LoggingApplicationListener.initializeSystem(LoggingApplicationListener.java:347)
	at org.springframework.boot.context.logging.LoggingApplicationListener.initialize(LoggingApplicationListener.java:298)
	at org.springframework.boot.context.logging.LoggingApplicationListener.onApplicationEnvironmentPreparedEvent(LoggingApplicationListener.java:246)
	at org.springframework.boot.context.logging.LoggingApplicationListener.onApplicationEvent(LoggingApplicationListener.java:223)
	at org.springframework.context.event.SimpleApplicationEventMulticaster.doInvokeListener(SimpleApplicationEventMulticaster.java:172)
	at org.springframework.context.event.SimpleApplicationEventMulticaster.invokeListener(SimpleApplicationEventMulticaster.java:165)
	at org.springframework.context.event.SimpleApplicationEventMulticaster.multicastEvent(SimpleApplicationEventMulticaster.java:143)
	at org.springframework.context.event.SimpleApplicationEventMulticaster.multicastEvent(SimpleApplicationEventMulticaster.java:131)
	at org.springframework.boot.context.event.EventPublishingRunListener.multicastInitialEvent(EventPublishingRunListener.java:136)
	at org.springframework.boot.context.event.EventPublishingRunListener.environmentPrepared(EventPublishingRunListener.java:81)
	at org.springframework.boot.SpringApplicationRunListeners.lambda$environmentPrepared$2(SpringApplicationRunListeners.java:64)
	at java.base/java.lang.Iterable.forEach(Iterable.java:75)
	at org.springframework.boot.SpringApplicationRunListeners.doWithListeners(SpringApplicationRunListeners.java:118)
	at org.springframework.boot.SpringApplicationRunListeners.doWithListeners(SpringApplicationRunListeners.java:112)
	at org.springframework.boot.SpringApplicationRunListeners.environmentPrepared(SpringApplicationRunListeners.java:63)
	at org.springframework.boot.SpringApplication.prepareEnvironment(SpringApplication.java:355)
	at org.springframework.boot.SpringApplication.run(SpringApplication.java:306)
	at org.springframework.boot.SpringApplication.run(SpringApplication.java:1305)
	at org.springframework.boot.SpringApplication.run(SpringApplication.java:1294)
	at ru.clevertec.logging.NewsServiceApplication.main(NewsServiceApplication.java:17)
Caused by: java.lang.IllegalStateException: Logback configuration error detected: 
ERROR in ch.qos.logback.classic.pattern.ClassOfCallerConverter@39dcf4b0 - failed to parse integer string [1.] java.lang.NumberFormatException: For input string: "1."
ERROR in ch.qos.logback.classic.pattern.ClassOfCallerConverter@6e4de19b - failed to parse integer string [1.] java.lang.NumberFormatException: For input string: "1."
	at org.springframework.boot.logging.logback.LogbackLoggingSystem.reportConfigurationErrorsIfNecessary(LogbackLoggingSystem.java:260)
	at org.springframework.boot.logging.logback.LogbackLoggingSystem.loadConfiguration(LogbackLoggingSystem.java:247)
	at org.springframework.boot.logging.AbstractLoggingSystem.initializeWithConventions(AbstractLoggingSystem.java:80)
	at org.springframework.boot.logging.AbstractLoggingSystem.initialize(AbstractLoggingSystem.java:60)
	at org.springframework.boot.logging.logback.LogbackLoggingSystem.initialize(LogbackLoggingSystem.java:187)
	at org.springframework.boot.context.logging.LoggingApplicationListener.initializeSystem(LoggingApplicationListener.java:332)
	... 19 common frames omitted
2023-06-20 21:23:16,322 INFO o.h.v.i.u.Version [background-preinit] HV000001: Hibernate Validator 8.0.0.Final
2023-06-20 21:23:16,471 INFO o.s.b.StartupInfoLogger [main] Starting NewsServiceApplication using Java 17.0.4.1 with PID 25020 (D:\Clevertec\news_service\build\classes\java\main started by 37529 in D:\Clevertec\news_service)
2023-06-20 21:23:16,473 DEBUG o.s.b.StartupInfoLogger [main] Running with Spring Boot v3.1.0, Spring v6.0.9
2023-06-20 21:23:16,477 INFO o.s.b.SpringApplication [main] No active profile set, falling back to 1 default profile: "default"
2023-06-20 21:23:18,980 INFO o.s.d.r.c.RepositoryConfigurationDelegate [main] Bootstrapping Spring Data JPA repositories in DEFAULT mode.
2023-06-20 21:23:19,253 INFO o.s.d.r.c.RepositoryConfigurationDelegate [main] Finished Spring Data repository scanning in 251 ms. Found 2 JPA repository interfaces.
2023-06-20 21:23:21,198 INFO o.s.b.w.e.t.TomcatWebServer [main] Tomcat initialized with port(s): 8080 (http)
2023-06-20 21:23:21,223 INFO o.a.j.l.DirectJDKLog [main] Initializing ProtocolHandler ["http-nio-8080"]
2023-06-20 21:23:21,225 INFO o.a.j.l.DirectJDKLog [main] Starting service [Tomcat]
2023-06-20 21:23:21,226 INFO o.a.j.l.DirectJDKLog [main] Starting Servlet engine: [Apache Tomcat/10.1.8]
2023-06-20 21:23:21,520 INFO o.a.j.l.DirectJDKLog [main] Initializing Spring embedded WebApplicationContext
2023-06-20 21:23:21,521 INFO o.s.b.w.s.c.ServletWebServerApplicationContext [main] Root WebApplicationContext: initialization completed in 4834 ms
2023-06-20 21:23:22,066 INFO c.z.h.HikariDataSource [main] HikariPool-1 - Starting...
2023-06-20 21:23:22,606 INFO c.z.h.p.HikariPool [main] HikariPool-1 - Added connection org.postgresql.jdbc.PgConnection@5170bc02
2023-06-20 21:23:22,609 INFO c.z.h.HikariDataSource [main] HikariPool-1 - Start completed.
2023-06-20 21:23:23,045 INFO l.l.c.JavaLogger [main] Set default schema name to public
2023-06-20 21:23:23,288 INFO l.l.c.JavaLogger [main] Reading from public.databasechangelog
2023-06-20 21:23:23,308 INFO l.l.c.JavaLogger [main] Changelog query completed.
2023-06-20 21:23:23,621 INFO o.h.j.i.u.LogHelper [main] HHH000204: Processing PersistenceUnitInfo [name: default]
2023-06-20 21:23:23,795 INFO o.h.Version [main] HHH000412: Hibernate ORM core version 6.2.2.Final
2023-06-20 21:23:23,801 INFO o.h.c.Environment [main] HHH000406: Using bytecode reflection optimizer
2023-06-20 21:23:24,254 INFO o.h.b.i.BytecodeProviderInitiator [main] HHH000021: Bytecode provider name : bytebuddy
2023-06-20 21:23:24,651 INFO o.s.o.j.p.SpringPersistenceUnitInfo [main] No LoadTimeWeaver setup: ignoring JPA class transformer
2023-06-20 21:23:24,795 INFO o.h.e.j.d.i.DialectFactoryImpl [main] HHH035001: Using dialect: org.hibernate.dialect.PostgreSQLDialect, version: org.hibernate.engine.jdbc.env.internal.JdbcEnvironmentInitiator$DialectResolutionInfoImpl@2aa811f9
2023-06-20 21:23:25,439 INFO o.h.b.i.BytecodeProviderInitiator [main] HHH000021: Bytecode provider name : bytebuddy
2023-06-20 21:23:27,968 INFO o.h.e.t.j.p.i.JtaPlatformInitiator [main] HHH000490: Using JtaPlatform implementation: [org.hibernate.engine.transaction.jta.platform.internal.NoJtaPlatform]
2023-06-20 21:23:27,980 INFO o.s.o.j.AbstractEntityManagerFactoryBean [main] Initialized JPA EntityManagerFactory for persistence unit 'default'
2023-06-20 21:23:29,370 WARN o.s.b.a.o.j.JpaBaseConfiguration$JpaWebConfiguration [main] spring.jpa.open-in-view is enabled by default. Therefore, database queries may be performed during view rendering. Explicitly configure spring.jpa.open-in-view to disable this warning
2023-06-20 21:23:31,023 INFO o.a.j.l.DirectJDKLog [main] Starting ProtocolHandler ["http-nio-8080"]
2023-06-20 21:23:31,092 INFO o.s.b.w.e.t.TomcatWebServer [main] Tomcat started on port(s): 8080 (http) with context path ''
2023-06-20 21:23:31,127 INFO o.s.b.StartupInfoLogger [main] Started NewsServiceApplication in 16.508 seconds (process running for 18.295)
2023-06-20 21:24:12,459 INFO o.a.j.l.DirectJDKLog [http-nio-8080-exec-1] Initializing Spring DispatcherServlet 'dispatcherServlet'
2023-06-20 21:24:12,461 INFO o.s.w.s.FrameworkServlet [http-nio-8080-exec-1] Initializing Servlet 'dispatcherServlet'
2023-06-20 21:24:12,467 INFO o.s.w.s.FrameworkServlet [http-nio-8080-exec-1] Completed initialization in 4 ms
2023-06-20 21:40:46,638 INFO o.h.v.i.u.Version [background-preinit] HV000001: Hibernate Validator 8.0.0.Final
2023-06-20 21:40:46,752 INFO o.s.b.StartupInfoLogger [main] Starting NewsServiceApplication using Java 17.0.4.1 with PID 6016 (D:\Clevertec\news_service\build\classes\java\main started by 37529 in D:\Clevertec\news_service)
2023-06-20 21:40:46,754 DEBUG o.s.b.StartupInfoLogger [main] Running with Spring Boot v3.1.0, Spring v6.0.9
2023-06-20 21:40:46,756 INFO o.s.b.SpringApplication [main] No active profile set, falling back to 1 default profile: "default"
2023-06-20 21:40:49,091 INFO o.s.d.r.c.RepositoryConfigurationDelegate [main] Bootstrapping Spring Data JPA repositories in DEFAULT mode.
2023-06-20 21:40:49,294 INFO o.s.d.r.c.RepositoryConfigurationDelegate [main] Finished Spring Data repository scanning in 175 ms. Found 2 JPA repository interfaces.
2023-06-20 21:40:51,406 INFO o.s.b.w.e.t.TomcatWebServer [main] Tomcat initialized with port(s): 8080 (http)
2023-06-20 21:40:51,444 INFO o.a.j.l.DirectJDKLog [main] Initializing ProtocolHandler ["http-nio-8080"]
2023-06-20 21:40:51,447 INFO o.a.j.l.DirectJDKLog [main] Starting service [Tomcat]
2023-06-20 21:40:51,449 INFO o.a.j.l.DirectJDKLog [main] Starting Servlet engine: [Apache Tomcat/10.1.8]
2023-06-20 21:40:51,902 INFO o.a.j.l.DirectJDKLog [main] Initializing Spring embedded WebApplicationContext
2023-06-20 21:40:51,905 INFO o.s.b.w.s.c.ServletWebServerApplicationContext [main] Root WebApplicationContext: initialization completed in 4943 ms
2023-06-20 21:40:52,374 INFO c.z.h.HikariDataSource [main] HikariPool-1 - Starting...
2023-06-20 21:40:52,878 INFO c.z.h.p.HikariPool [main] HikariPool-1 - Added connection org.postgresql.jdbc.PgConnection@74a58a06
2023-06-20 21:40:52,884 INFO c.z.h.HikariDataSource [main] HikariPool-1 - Start completed.
2023-06-20 21:40:53,282 INFO l.l.c.JavaLogger [main] Set default schema name to public
2023-06-20 21:40:53,476 INFO l.l.c.JavaLogger [main] Reading from public.databasechangelog
2023-06-20 21:40:53,499 INFO l.l.c.JavaLogger [main] Changelog query completed.
2023-06-20 21:40:53,797 INFO o.h.j.i.u.LogHelper [main] HHH000204: Processing PersistenceUnitInfo [name: default]
2023-06-20 21:40:54,004 INFO o.h.Version [main] HHH000412: Hibernate ORM core version 6.2.2.Final
2023-06-20 21:40:54,012 INFO o.h.c.Environment [main] HHH000406: Using bytecode reflection optimizer
2023-06-20 21:40:54,484 INFO o.h.b.i.BytecodeProviderInitiator [main] HHH000021: Bytecode provider name : bytebuddy
2023-06-20 21:40:54,954 INFO o.s.o.j.p.SpringPersistenceUnitInfo [main] No LoadTimeWeaver setup: ignoring JPA class transformer
2023-06-20 21:40:55,130 INFO o.h.e.j.d.i.DialectFactoryImpl [main] HHH035001: Using dialect: org.hibernate.dialect.PostgreSQLDialect, version: org.hibernate.engine.jdbc.env.internal.JdbcEnvironmentInitiator$DialectResolutionInfoImpl@6b64bf61
2023-06-20 21:40:55,800 INFO o.h.b.i.BytecodeProviderInitiator [main] HHH000021: Bytecode provider name : bytebuddy
2023-06-20 21:40:57,971 INFO o.h.e.t.j.p.i.JtaPlatformInitiator [main] HHH000490: Using JtaPlatform implementation: [org.hibernate.engine.transaction.jta.platform.internal.NoJtaPlatform]
2023-06-20 21:40:57,979 INFO o.s.o.j.AbstractEntityManagerFactoryBean [main] Initialized JPA EntityManagerFactory for persistence unit 'default'
2023-06-20 21:40:59,505 WARN o.s.b.a.o.j.JpaBaseConfiguration$JpaWebConfiguration [main] spring.jpa.open-in-view is enabled by default. Therefore, database queries may be performed during view rendering. Explicitly configure spring.jpa.open-in-view to disable this warning
2023-06-20 21:41:01,201 INFO o.a.j.l.DirectJDKLog [main] Starting ProtocolHandler ["http-nio-8080"]
2023-06-20 21:41:01,270 INFO o.s.b.w.e.t.TomcatWebServer [main] Tomcat started on port(s): 8080 (http) with context path ''
2023-06-20 21:41:01,293 INFO o.s.b.StartupInfoLogger [main] Started NewsServiceApplication in 16.215 seconds (process running for 17.95)
2023-06-20 21:41:17,792 INFO o.a.j.l.DirectJDKLog [http-nio-8080-exec-1] Initializing Spring DispatcherServlet 'dispatcherServlet'
2023-06-20 21:41:17,794 INFO o.s.w.s.FrameworkServlet [http-nio-8080-exec-1] Initializing Servlet 'dispatcherServlet'
2023-06-20 21:41:17,796 INFO o.s.w.s.FrameworkServlet [http-nio-8080-exec-1] Completed initialization in 2 ms
2023-06-20 21:41:17,898 INFO r.c.n.a.a.LoggingAspect [http-nio-8080-exec-1] Request: Method - getAllComments accepted parameters: [Page request [number: 0, size 20, sort: id: ASC]]
2023-06-20 21:41:18,533 INFO r.c.n.a.a.LoggingAspect [http-nio-8080-exec-1] Response: Method - getAllComments sent parameters: <302 FOUND Found,Page 1 of 9 containing ru.clevertec.logging.entity.Comment instances,[]>
2023-06-20 21:42:52,382 INFO o.h.v.i.u.Version [background-preinit] HV000001: Hibernate Validator 8.0.0.Final
2023-06-20 21:42:52,505 INFO o.s.b.StartupInfoLogger [main] Starting NewsServiceApplication using Java 17.0.4.1 with PID 23296 (D:\Clevertec\news_service\build\classes\java\main started by 37529 in D:\Clevertec\news_service)
2023-06-20 21:42:52,506 DEBUG o.s.b.StartupInfoLogger [main] Running with Spring Boot v3.1.0, Spring v6.0.9
2023-06-20 21:42:52,508 INFO o.s.b.SpringApplication [main] No active profile set, falling back to 1 default profile: "default"
2023-06-20 21:42:54,624 INFO o.s.d.r.c.RepositoryConfigurationDelegate [main] Bootstrapping Spring Data JPA repositories in DEFAULT mode.
2023-06-20 21:42:54,821 INFO o.s.d.r.c.RepositoryConfigurationDelegate [main] Finished Spring Data repository scanning in 175 ms. Found 2 JPA repository interfaces.
2023-06-20 21:42:56,830 INFO o.s.b.w.e.t.TomcatWebServer [main] Tomcat initialized with port(s): 8080 (http)
2023-06-20 21:42:56,854 INFO o.a.j.l.DirectJDKLog [main] Initializing ProtocolHandler ["http-nio-8080"]
2023-06-20 21:42:56,856 INFO o.a.j.l.DirectJDKLog [main] Starting service [Tomcat]
2023-06-20 21:42:56,857 INFO o.a.j.l.DirectJDKLog [main] Starting Servlet engine: [Apache Tomcat/10.1.8]
2023-06-20 21:42:57,123 INFO o.a.j.l.DirectJDKLog [main] Initializing Spring embedded WebApplicationContext
2023-06-20 21:42:57,126 INFO o.s.b.w.s.c.ServletWebServerApplicationContext [main] Root WebApplicationContext: initialization completed in 4460 ms
2023-06-20 21:42:57,579 INFO c.z.h.HikariDataSource [main] HikariPool-1 - Starting...
2023-06-20 21:42:58,049 INFO c.z.h.p.HikariPool [main] HikariPool-1 - Added connection org.postgresql.jdbc.PgConnection@4c5406b
2023-06-20 21:42:58,053 INFO c.z.h.HikariDataSource [main] HikariPool-1 - Start completed.
2023-06-20 21:42:58,477 INFO l.l.c.JavaLogger [main] Set default schema name to public
2023-06-20 21:42:58,698 INFO l.l.c.JavaLogger [main] Reading from public.databasechangelog
2023-06-20 21:42:58,721 INFO l.l.c.JavaLogger [main] Changelog query completed.
2023-06-20 21:42:59,078 INFO o.h.j.i.u.LogHelper [main] HHH000204: Processing PersistenceUnitInfo [name: default]
2023-06-20 21:42:59,300 INFO o.h.Version [main] HHH000412: Hibernate ORM core version 6.2.2.Final
2023-06-20 21:42:59,306 INFO o.h.c.Environment [main] HHH000406: Using bytecode reflection optimizer
2023-06-20 21:42:59,765 INFO o.h.b.i.BytecodeProviderInitiator [main] HHH000021: Bytecode provider name : bytebuddy
2023-06-20 21:43:00,220 INFO o.s.o.j.p.SpringPersistenceUnitInfo [main] No LoadTimeWeaver setup: ignoring JPA class transformer
2023-06-20 21:43:00,366 INFO o.h.e.j.d.i.DialectFactoryImpl [main] HHH035001: Using dialect: org.hibernate.dialect.PostgreSQLDialect, version: org.hibernate.engine.jdbc.env.internal.JdbcEnvironmentInitiator$DialectResolutionInfoImpl@2d2a8819
2023-06-20 21:43:01,041 INFO o.h.b.i.BytecodeProviderInitiator [main] HHH000021: Bytecode provider name : bytebuddy
2023-06-20 21:43:03,381 INFO o.h.e.t.j.p.i.JtaPlatformInitiator [main] HHH000490: Using JtaPlatform implementation: [org.hibernate.engine.transaction.jta.platform.internal.NoJtaPlatform]
2023-06-20 21:43:03,387 INFO o.s.o.j.AbstractEntityManagerFactoryBean [main] Initialized JPA EntityManagerFactory for persistence unit 'default'
2023-06-20 21:43:04,962 WARN o.s.b.a.o.j.JpaBaseConfiguration$JpaWebConfiguration [main] spring.jpa.open-in-view is enabled by default. Therefore, database queries may be performed during view rendering. Explicitly configure spring.jpa.open-in-view to disable this warning
2023-06-20 21:43:06,641 INFO o.a.j.l.DirectJDKLog [main] Starting ProtocolHandler ["http-nio-8080"]
2023-06-20 21:43:06,728 INFO o.s.b.w.e.t.TomcatWebServer [main] Tomcat started on port(s): 8080 (http) with context path ''
2023-06-20 21:43:06,767 INFO o.s.b.StartupInfoLogger [main] Started NewsServiceApplication in 15.782 seconds (process running for 17.508)
2023-06-20 21:43:24,699 INFO o.a.j.l.DirectJDKLog [http-nio-8080-exec-1] Initializing Spring DispatcherServlet 'dispatcherServlet'
2023-06-20 21:43:24,700 INFO o.s.w.s.FrameworkServlet [http-nio-8080-exec-1] Initializing Servlet 'dispatcherServlet'
2023-06-20 21:43:24,704 INFO o.s.w.s.FrameworkServlet [http-nio-8080-exec-1] Completed initialization in 3 ms
2023-06-20 21:43:24,836 INFO r.c.n.a.a.LoggingAspect [http-nio-8080-exec-1] Request: Method - getAllComments accepted parameters: [Page request [number: 0, size 20, sort: id: ASC]]
2023-06-20 21:43:25,529 INFO r.c.n.a.a.LoggingAspect [http-nio-8080-exec-1] Response: Method - getAllComments sent parameters: <302 FOUND Found,Page 1 of 9 containing ru.clevertec.logging.entity.Comment instances,[]>
