2023-06-26 14:20:07,212 INFO o.h.v.i.u.Version [background-preinit] HV000001: Hibernate Validator 8.0.0.Final
2023-06-26 14:20:07,347 INFO o.s.b.StartupInfoLogger [main] Starting NewsServiceApplication using Java 17.0.4.1 with PID 25612 (D:\Clevertec\news_service\build\classes\java\main started by 37529 in D:\Clevertec\news_service)
2023-06-26 14:20:07,351 INFO o.s.b.SpringApplication [main] No active profile set, falling back to 1 default profile: "default"
2023-06-26 14:20:09,866 INFO o.s.d.r.c.RepositoryConfigurationDelegate [main] Bootstrapping Spring Data JPA repositories in DEFAULT mode.
2023-06-26 14:20:10,081 INFO o.s.d.r.c.RepositoryConfigurationDelegate [main] Finished Spring Data repository scanning in 188 ms. Found 2 JPA repository interfaces.
2023-06-26 14:20:12,301 INFO o.s.b.w.e.t.TomcatWebServer [main] Tomcat initialized with port(s): 8080 (http)
2023-06-26 14:20:12,333 INFO o.a.j.l.DirectJDKLog [main] Initializing ProtocolHandler ["http-nio-8080"]
2023-06-26 14:20:12,336 INFO o.a.j.l.DirectJDKLog [main] Starting service [Tomcat]
2023-06-26 14:20:12,337 INFO o.a.j.l.DirectJDKLog [main] Starting Servlet engine: [Apache Tomcat/10.1.8]
2023-06-26 14:20:12,688 INFO o.a.j.l.DirectJDKLog [main] Initializing Spring embedded WebApplicationContext
2023-06-26 14:20:12,692 INFO o.s.b.w.s.c.ServletWebServerApplicationContext [main] Root WebApplicationContext: initialization completed in 5154 ms
2023-06-26 14:20:13,138 INFO c.z.h.HikariDataSource [main] HikariPool-1 - Starting...
2023-06-26 14:20:13,779 INFO c.z.h.p.HikariPool [main] HikariPool-1 - Added connection org.postgresql.jdbc.PgConnection@d70e9a
2023-06-26 14:20:13,785 INFO c.z.h.HikariDataSource [main] HikariPool-1 - Start completed.
2023-06-26 14:20:14,318 INFO l.l.c.JavaLogger [main] Set default schema name to public
2023-06-26 14:20:14,580 INFO l.l.c.JavaLogger [main] Reading from public.databasechangelog
2023-06-26 14:20:14,601 INFO l.l.c.JavaLogger [main] Changelog query completed.
2023-06-26 14:20:14,928 INFO o.h.j.i.u.LogHelper [main] HHH000204: Processing PersistenceUnitInfo [name: default]
2023-06-26 14:20:15,110 INFO o.h.Version [main] HHH000412: Hibernate ORM core version 6.2.2.Final
2023-06-26 14:20:15,115 INFO o.h.c.Environment [main] HHH000406: Using bytecode reflection optimizer
2023-06-26 14:20:15,639 INFO o.h.b.i.BytecodeProviderInitiator [main] HHH000021: Bytecode provider name : bytebuddy
2023-06-26 14:20:16,121 INFO o.s.o.j.p.SpringPersistenceUnitInfo [main] No LoadTimeWeaver setup: ignoring JPA class transformer
2023-06-26 14:20:16,266 INFO o.h.e.j.d.i.DialectFactoryImpl [main] HHH035001: Using dialect: org.hibernate.dialect.PostgreSQLDialect, version: org.hibernate.engine.jdbc.env.internal.JdbcEnvironmentInitiator$DialectResolutionInfoImpl@23933031
2023-06-26 14:20:16,941 INFO o.h.b.i.BytecodeProviderInitiator [main] HHH000021: Bytecode provider name : bytebuddy
2023-06-26 14:20:19,076 INFO o.h.e.t.j.p.i.JtaPlatformInitiator [main] HHH000490: Using JtaPlatform implementation: [org.hibernate.engine.transaction.jta.platform.internal.NoJtaPlatform]
2023-06-26 14:20:19,084 INFO o.s.o.j.AbstractEntityManagerFactoryBean [main] Initialized JPA EntityManagerFactory for persistence unit 'default'
2023-06-26 14:20:19,115 INFO r.c.n.c.CacheConfigImpl [main] Cache properties initializing: CacheConfigImpl(algorithm=LRU, capacity=5)
2023-06-26 14:20:20,164 WARN o.s.c.s.AbstractApplicationContext [main] Exception encountered during context initialization - cancelling refresh attempt: org.springframework.beans.factory.UnsatisfiedDependencyException: Error creating bean with name 'newsController' defined in file [D:\Clevertec\news_service\build\classes\java\main\ru\clevertec\news\controller\NewsController.class]: Unsatisfied dependency expressed through constructor parameter 0: Error creating bean with name 'newsProxy' defined in file [D:\Clevertec\news_service\build\classes\java\main\ru\clevertec\news\service\proxy\NewsProxy.class]: Failed to instantiate [ru.clevertec.news.service.proxy.NewsProxy]: Constructor threw exception
2023-06-26 14:20:20,166 INFO o.s.o.j.AbstractEntityManagerFactoryBean [main] Closing JPA EntityManagerFactory for persistence unit 'default'
2023-06-26 14:20:20,171 INFO c.z.h.HikariDataSource [main] HikariPool-1 - Shutdown initiated...
2023-06-26 14:20:20,198 INFO c.z.h.HikariDataSource [main] HikariPool-1 - Shutdown completed.
2023-06-26 14:20:20,203 INFO o.a.j.l.DirectJDKLog [main] Stopping service [Tomcat]
2023-06-26 14:20:20,264 INFO o.s.b.a.l.ConditionEvaluationReportLogger [main] 

Error starting ApplicationContext. To display the condition evaluation report re-run your application with 'debug' enabled.
2023-06-26 14:20:20,325 ERROR o.s.b.SpringApplication [main] Application run failed
org.springframework.beans.factory.UnsatisfiedDependencyException: Error creating bean with name 'newsController' defined in file [D:\Clevertec\news_service\build\classes\java\main\ru\clevertec\news\controller\NewsController.class]: Unsatisfied dependency expressed through constructor parameter 0: Error creating bean with name 'newsProxy' defined in file [D:\Clevertec\news_service\build\classes\java\main\ru\clevertec\news\service\proxy\NewsProxy.class]: Failed to instantiate [ru.clevertec.news.service.proxy.NewsProxy]: Constructor threw exception
	at org.springframework.beans.factory.support.ConstructorResolver.createArgumentArray(ConstructorResolver.java:800)
	at org.springframework.beans.factory.support.ConstructorResolver.autowireConstructor(ConstructorResolver.java:245)
	at org.springframework.beans.factory.support.AbstractAutowireCapableBeanFactory.autowireConstructor(AbstractAutowireCapableBeanFactory.java:1352)
	at org.springframework.beans.factory.support.AbstractAutowireCapableBeanFactory.createBeanInstance(AbstractAutowireCapableBeanFactory.java:1189)
	at org.springframework.beans.factory.support.AbstractAutowireCapableBeanFactory.doCreateBean(AbstractAutowireCapableBeanFactory.java:560)
	at org.springframework.beans.factory.support.AbstractAutowireCapableBeanFactory.createBean(AbstractAutowireCapableBeanFactory.java:520)
	at org.springframework.beans.factory.support.AbstractBeanFactory.lambda$doGetBean$0(AbstractBeanFactory.java:326)
	at org.springframework.beans.factory.support.DefaultSingletonBeanRegistry.getSingleton(DefaultSingletonBeanRegistry.java:234)
	at org.springframework.beans.factory.support.AbstractBeanFactory.doGetBean(AbstractBeanFactory.java:324)
	at org.springframework.beans.factory.support.AbstractBeanFactory.getBean(AbstractBeanFactory.java:200)
	at org.springframework.beans.factory.support.DefaultListableBeanFactory.preInstantiateSingletons(DefaultListableBeanFactory.java:973)
	at org.springframework.context.support.AbstractApplicationContext.finishBeanFactoryInitialization(AbstractApplicationContext.java:941)
	at org.springframework.context.support.AbstractApplicationContext.refresh(AbstractApplicationContext.java:608)
	at org.springframework.boot.web.servlet.context.ServletWebServerApplicationContext.refresh(ServletWebServerApplicationContext.java:146)
	at org.springframework.boot.SpringApplication.refresh(SpringApplication.java:733)
	at org.springframework.boot.SpringApplication.refreshContext(SpringApplication.java:435)
	at org.springframework.boot.SpringApplication.run(SpringApplication.java:311)
	at org.springframework.boot.SpringApplication.run(SpringApplication.java:1305)
	at org.springframework.boot.SpringApplication.run(SpringApplication.java:1294)
	at ru.clevertec.news.NewsServiceApplication.main(NewsServiceApplication.java:17)
Caused by: org.springframework.beans.factory.BeanCreationException: Error creating bean with name 'newsProxy' defined in file [D:\Clevertec\news_service\build\classes\java\main\ru\clevertec\news\service\proxy\NewsProxy.class]: Failed to instantiate [ru.clevertec.news.service.proxy.NewsProxy]: Constructor threw exception
	at org.springframework.beans.factory.support.ConstructorResolver.instantiate(ConstructorResolver.java:326)
	at org.springframework.beans.factory.support.ConstructorResolver.autowireConstructor(ConstructorResolver.java:314)
	at org.springframework.beans.factory.support.AbstractAutowireCapableBeanFactory.autowireConstructor(AbstractAutowireCapableBeanFactory.java:1352)
	at org.springframework.beans.factory.support.AbstractAutowireCapableBeanFactory.createBeanInstance(AbstractAutowireCapableBeanFactory.java:1189)
	at org.springframework.beans.factory.support.AbstractAutowireCapableBeanFactory.doCreateBean(AbstractAutowireCapableBeanFactory.java:560)
	at org.springframework.beans.factory.support.AbstractAutowireCapableBeanFactory.createBean(AbstractAutowireCapableBeanFactory.java:520)
	at org.springframework.beans.factory.support.AbstractBeanFactory.lambda$doGetBean$0(AbstractBeanFactory.java:326)
	at org.springframework.beans.factory.support.DefaultSingletonBeanRegistry.getSingleton(DefaultSingletonBeanRegistry.java:234)
	at org.springframework.beans.factory.support.AbstractBeanFactory.doGetBean(AbstractBeanFactory.java:324)
	at org.springframework.beans.factory.support.AbstractBeanFactory.getBean(AbstractBeanFactory.java:200)
	at org.springframework.beans.factory.config.DependencyDescriptor.resolveCandidate(DependencyDescriptor.java:254)
	at org.springframework.beans.factory.support.DefaultListableBeanFactory.doResolveDependency(DefaultListableBeanFactory.java:1417)
	at org.springframework.beans.factory.support.DefaultListableBeanFactory.resolveDependency(DefaultListableBeanFactory.java:1337)
	at org.springframework.beans.factory.support.ConstructorResolver.resolveAutowiredArgument(ConstructorResolver.java:888)
	at org.springframework.beans.factory.support.ConstructorResolver.createArgumentArray(ConstructorResolver.java:791)
	... 19 common frames omitted
Caused by: org.springframework.beans.BeanInstantiationException: Failed to instantiate [ru.clevertec.news.service.proxy.NewsProxy]: Constructor threw exception
	at org.springframework.beans.BeanUtils.instantiateClass(BeanUtils.java:224)
	at org.springframework.beans.factory.support.SimpleInstantiationStrategy.instantiate(SimpleInstantiationStrategy.java:110)
	at org.springframework.beans.factory.support.ConstructorResolver.instantiate(ConstructorResolver.java:323)
	... 33 common frames omitted
Caused by: java.lang.NullPointerException: Cannot invoke "java.lang.Long.longValue()" because the return value of "ru.clevertec.news.config.CacheConfigImpl.getCapacity()" is null
	at ru.clevertec.news.service.proxy.NewsProxy.<init>(NewsProxy.java:32)
	at java.base/jdk.internal.reflect.NativeConstructorAccessorImpl.newInstance0(Native Method)
	at java.base/jdk.internal.reflect.NativeConstructorAccessorImpl.newInstance(NativeConstructorAccessorImpl.java:77)
	at java.base/jdk.internal.reflect.DelegatingConstructorAccessorImpl.newInstance(DelegatingConstructorAccessorImpl.java:45)
	at java.base/java.lang.reflect.Constructor.newInstanceWithCaller(Constructor.java:499)
	at java.base/java.lang.reflect.Constructor.newInstance(Constructor.java:480)
	at org.springframework.beans.BeanUtils.instantiateClass(BeanUtils.java:211)
	... 35 common frames omitted
2023-06-26 14:26:30,451 INFO o.h.v.i.u.Version [background-preinit] HV000001: Hibernate Validator 8.0.0.Final
2023-06-26 14:26:30,590 INFO o.s.b.StartupInfoLogger [main] Starting NewsServiceApplication using Java 17.0.4.1 with PID 24868 (D:\Clevertec\news_service\build\classes\java\main started by 37529 in D:\Clevertec\news_service)
2023-06-26 14:26:30,593 INFO o.s.b.SpringApplication [main] No active profile set, falling back to 1 default profile: "default"
2023-06-26 14:26:32,938 INFO o.s.d.r.c.RepositoryConfigurationDelegate [main] Bootstrapping Spring Data JPA repositories in DEFAULT mode.
2023-06-26 14:26:33,115 INFO o.s.d.r.c.RepositoryConfigurationDelegate [main] Finished Spring Data repository scanning in 142 ms. Found 2 JPA repository interfaces.
2023-06-26 14:26:35,520 INFO o.s.b.w.e.t.TomcatWebServer [main] Tomcat initialized with port(s): 8080 (http)
2023-06-26 14:26:35,553 INFO o.a.j.l.DirectJDKLog [main] Initializing ProtocolHandler ["http-nio-8080"]
2023-06-26 14:26:35,555 INFO o.a.j.l.DirectJDKLog [main] Starting service [Tomcat]
2023-06-26 14:26:35,556 INFO o.a.j.l.DirectJDKLog [main] Starting Servlet engine: [Apache Tomcat/10.1.8]
2023-06-26 14:26:35,894 INFO o.a.j.l.DirectJDKLog [main] Initializing Spring embedded WebApplicationContext
2023-06-26 14:26:35,895 INFO o.s.b.w.s.c.ServletWebServerApplicationContext [main] Root WebApplicationContext: initialization completed in 5094 ms
2023-06-26 14:26:36,276 INFO c.z.h.HikariDataSource [main] HikariPool-1 - Starting...
2023-06-26 14:26:36,648 INFO c.z.h.p.HikariPool [main] HikariPool-1 - Added connection org.postgresql.jdbc.PgConnection@7196a8f1
2023-06-26 14:26:36,650 INFO c.z.h.HikariDataSource [main] HikariPool-1 - Start completed.
2023-06-26 14:26:37,023 INFO l.l.c.JavaLogger [main] Set default schema name to public
2023-06-26 14:26:37,256 INFO l.l.c.JavaLogger [main] Reading from public.databasechangelog
2023-06-26 14:26:37,285 INFO l.l.c.JavaLogger [main] Changelog query completed.
2023-06-26 14:26:37,567 INFO o.h.j.i.u.LogHelper [main] HHH000204: Processing PersistenceUnitInfo [name: default]
2023-06-26 14:26:37,750 INFO o.h.Version [main] HHH000412: Hibernate ORM core version 6.2.2.Final
2023-06-26 14:26:37,757 INFO o.h.c.Environment [main] HHH000406: Using bytecode reflection optimizer
2023-06-26 14:26:38,191 INFO o.h.b.i.BytecodeProviderInitiator [main] HHH000021: Bytecode provider name : bytebuddy
2023-06-26 14:26:38,643 INFO o.s.o.j.p.SpringPersistenceUnitInfo [main] No LoadTimeWeaver setup: ignoring JPA class transformer
2023-06-26 14:26:38,799 INFO o.h.e.j.d.i.DialectFactoryImpl [main] HHH035001: Using dialect: org.hibernate.dialect.PostgreSQLDialect, version: org.hibernate.engine.jdbc.env.internal.JdbcEnvironmentInitiator$DialectResolutionInfoImpl@433b1597
2023-06-26 14:26:39,515 INFO o.h.b.i.BytecodeProviderInitiator [main] HHH000021: Bytecode provider name : bytebuddy
2023-06-26 14:26:41,780 INFO o.h.e.t.j.p.i.JtaPlatformInitiator [main] HHH000490: Using JtaPlatform implementation: [org.hibernate.engine.transaction.jta.platform.internal.NoJtaPlatform]
2023-06-26 14:26:41,793 INFO o.s.o.j.AbstractEntityManagerFactoryBean [main] Initialized JPA EntityManagerFactory for persistence unit 'default'
2023-06-26 14:26:41,829 INFO r.c.n.c.CacheConfigImpl [main] Cache properties initializing: CacheConfigImpl(algorithm=LRU, capacity=5)
2023-06-26 14:26:43,144 WARN o.s.b.a.o.j.JpaBaseConfiguration$JpaWebConfiguration [main] spring.jpa.open-in-view is enabled by default. Therefore, database queries may be performed during view rendering. Explicitly configure spring.jpa.open-in-view to disable this warning
2023-06-26 14:26:43,662 INFO r.c.e.c.HandlerProperties [main] Handler properties initializing: HandlerProperties(enabled=true)
2023-06-26 14:26:44,832 INFO r.c.e.c.HandlerAutoConfiguration [main] HandlerAutoConfiguration initialized
2023-06-26 14:26:44,836 INFO r.c.l.c.LoggingAutoConfiguration [main] LoggingAutoConfiguration initialized
2023-06-26 14:26:44,844 INFO r.c.l.c.LoggingProperties [main] Logging properties initializing: LoggingProperties(enabled=true)
2023-06-26 14:26:44,911 INFO o.a.j.l.DirectJDKLog [main] Starting ProtocolHandler ["http-nio-8080"]
2023-06-26 14:26:44,990 INFO o.s.b.w.e.t.TomcatWebServer [main] Tomcat started on port(s): 8080 (http) with context path ''
2023-06-26 14:26:45,018 INFO o.s.b.StartupInfoLogger [main] Started NewsServiceApplication in 16.196 seconds (process running for 17.932)
2023-06-26 14:27:06,707 INFO o.a.j.l.DirectJDKLog [http-nio-8080-exec-2] Initializing Spring DispatcherServlet 'dispatcherServlet'
2023-06-26 14:27:06,707 INFO o.s.w.s.FrameworkServlet [http-nio-8080-exec-2] Initializing Servlet 'dispatcherServlet'
2023-06-26 14:27:06,710 INFO o.s.w.s.FrameworkServlet [http-nio-8080-exec-2] Completed initialization in 2 ms
2023-06-26 14:27:06,796 INFO r.c.l.a.a.LoggingAspect [http-nio-8080-exec-2] Controller request: Method - getCommentById accepted parameters: [5]
2023-06-26 14:27:06,799 INFO r.c.l.a.a.LoggingAspect [http-nio-8080-exec-2] Class CommentProxy: method getById accepted parameters - [5]
2023-06-26 14:27:06,819 INFO r.c.l.a.a.LoggingAspect [http-nio-8080-exec-2] Class CommentServiceImpl: method getById accepted parameters - [5]
2023-06-26 14:27:06,985 INFO r.c.l.a.a.LoggingAspect [http-nio-8080-exec-2] Class CommentServiceImpl getById object in database - [5]
2023-06-26 14:27:06,985 INFO r.c.l.a.a.LoggingAspect [http-nio-8080-exec-2] Class CommentServiceImpl: method - getById returned parameters - Comment(id=5, username=Madelle, text=You consistently exceed expectations, amazing job, createDateComment=2022-09-08T18:59:14, updateDateComment=2023-05-22T07:10:02)
2023-06-26 14:27:06,989 INFO r.c.l.a.a.LoggingAspect [http-nio-8080-exec-2] Class CommentProxy getById object in database - [5]
2023-06-26 14:27:06,989 INFO r.c.l.a.a.LoggingAspect [http-nio-8080-exec-2] Class CommentProxy: method - getById returned parameters - Comment(id=5, username=Madelle, text=You consistently exceed expectations, amazing job, createDateComment=2022-09-08T18:59:14, updateDateComment=2023-05-22T07:10:02)
2023-06-26 14:27:06,999 INFO r.c.l.a.a.LoggingAspect [http-nio-8080-exec-2] Controller response: Method - getCommentById return parameters: <302 FOUND Found,Comment(id=5, username=Madelle, text=You consistently exceed expectations, amazing job, createDateComment=2022-09-08T18:59:14, updateDateComment=2023-05-22T07:10:02),[]>
2023-06-26 14:27:18,165 INFO r.c.l.a.a.LoggingAspect [http-nio-8080-exec-3] Controller request: Method - getCommentById accepted parameters: [5]
2023-06-26 14:27:18,167 INFO r.c.l.a.a.LoggingAspect [http-nio-8080-exec-3] Class CommentProxy: method getById accepted parameters - [5]
2023-06-26 14:27:18,167 INFO r.c.l.a.a.LoggingAspect [http-nio-8080-exec-3] Class CommentProxy getById object in database - [5]
2023-06-26 14:27:18,168 INFO r.c.l.a.a.LoggingAspect [http-nio-8080-exec-3] Class CommentProxy: method - getById returned parameters - Comment(id=5, username=Madelle, text=You consistently exceed expectations, amazing job, createDateComment=2022-09-08T18:59:14, updateDateComment=2023-05-22T07:10:02)
2023-06-26 14:27:18,169 INFO r.c.l.a.a.LoggingAspect [http-nio-8080-exec-3] Controller response: Method - getCommentById return parameters: <302 FOUND Found,Comment(id=5, username=Madelle, text=You consistently exceed expectations, amazing job, createDateComment=2022-09-08T18:59:14, updateDateComment=2023-05-22T07:10:02),[]>
2023-06-26 14:37:27,045 INFO o.h.v.i.u.Version [background-preinit] HV000001: Hibernate Validator 8.0.0.Final
2023-06-26 14:37:27,176 INFO o.s.b.StartupInfoLogger [main] Starting NewsServiceApplication using Java 17.0.4.1 with PID 5656 (D:\Clevertec\news_service\build\classes\java\main started by 37529 in D:\Clevertec\news_service)
2023-06-26 14:37:27,179 INFO o.s.b.SpringApplication [main] No active profile set, falling back to 1 default profile: "default"
2023-06-26 14:37:29,479 INFO o.s.d.r.c.RepositoryConfigurationDelegate [main] Bootstrapping Spring Data JPA repositories in DEFAULT mode.
2023-06-26 14:37:29,615 INFO o.s.d.r.c.RepositoryConfigurationDelegate [main] Finished Spring Data repository scanning in 117 ms. Found 2 JPA repository interfaces.
2023-06-26 14:37:31,854 INFO o.s.b.w.e.t.TomcatWebServer [main] Tomcat initialized with port(s): 8080 (http)
2023-06-26 14:37:31,889 INFO o.a.j.l.DirectJDKLog [main] Initializing ProtocolHandler ["http-nio-8080"]
2023-06-26 14:37:31,891 INFO o.a.j.l.DirectJDKLog [main] Starting service [Tomcat]
2023-06-26 14:37:31,892 INFO o.a.j.l.DirectJDKLog [main] Starting Servlet engine: [Apache Tomcat/10.1.8]
2023-06-26 14:37:32,257 INFO o.a.j.l.DirectJDKLog [main] Initializing Spring embedded WebApplicationContext
2023-06-26 14:37:32,261 INFO o.s.b.w.s.c.ServletWebServerApplicationContext [main] Root WebApplicationContext: initialization completed in 4876 ms
2023-06-26 14:37:32,714 INFO c.z.h.HikariDataSource [main] HikariPool-1 - Starting...
2023-06-26 14:37:33,332 INFO c.z.h.p.HikariPool [main] HikariPool-1 - Added connection org.postgresql.jdbc.PgConnection@6def0632
2023-06-26 14:37:33,337 INFO c.z.h.HikariDataSource [main] HikariPool-1 - Start completed.
2023-06-26 14:37:33,979 INFO l.l.c.JavaLogger [main] Set default schema name to public
2023-06-26 14:37:34,274 INFO l.l.c.JavaLogger [main] Reading from public.databasechangelog
2023-06-26 14:37:34,303 INFO l.l.c.JavaLogger [main] Changelog query completed.
2023-06-26 14:37:34,560 INFO o.h.j.i.u.LogHelper [main] HHH000204: Processing PersistenceUnitInfo [name: default]
2023-06-26 14:37:34,721 INFO o.h.Version [main] HHH000412: Hibernate ORM core version 6.2.2.Final
2023-06-26 14:37:34,728 INFO o.h.c.Environment [main] HHH000406: Using bytecode reflection optimizer
2023-06-26 14:37:35,043 INFO o.h.b.i.BytecodeProviderInitiator [main] HHH000021: Bytecode provider name : bytebuddy
2023-06-26 14:37:35,309 INFO o.s.o.j.p.SpringPersistenceUnitInfo [main] No LoadTimeWeaver setup: ignoring JPA class transformer
2023-06-26 14:37:35,430 INFO o.h.e.j.d.i.DialectFactoryImpl [main] HHH035001: Using dialect: org.hibernate.dialect.PostgreSQLDialect, version: org.hibernate.engine.jdbc.env.internal.JdbcEnvironmentInitiator$DialectResolutionInfoImpl@36330be8
2023-06-26 14:37:35,813 INFO o.h.b.i.BytecodeProviderInitiator [main] HHH000021: Bytecode provider name : bytebuddy
2023-06-26 14:37:39,064 INFO o.h.e.t.j.p.i.JtaPlatformInitiator [main] HHH000490: Using JtaPlatform implementation: [org.hibernate.engine.transaction.jta.platform.internal.NoJtaPlatform]
2023-06-26 14:37:39,076 INFO o.s.o.j.AbstractEntityManagerFactoryBean [main] Initialized JPA EntityManagerFactory for persistence unit 'default'
2023-06-26 14:37:39,120 INFO r.c.n.c.CacheConfigImpl [main] Cache properties initializing: CacheConfigImpl(algorithm=LFU, capacity=5)
2023-06-26 14:37:40,319 WARN o.s.b.a.o.j.JpaBaseConfiguration$JpaWebConfiguration [main] spring.jpa.open-in-view is enabled by default. Therefore, database queries may be performed during view rendering. Explicitly configure spring.jpa.open-in-view to disable this warning
2023-06-26 14:37:40,557 INFO r.c.e.c.HandlerProperties [main] Handler properties initializing: HandlerProperties(enabled=true)
2023-06-26 14:37:41,154 INFO r.c.e.c.HandlerAutoConfiguration [main] HandlerAutoConfiguration initialized
2023-06-26 14:37:41,156 INFO r.c.l.c.LoggingAutoConfiguration [main] LoggingAutoConfiguration initialized
2023-06-26 14:37:41,159 INFO r.c.l.c.LoggingProperties [main] Logging properties initializing: LoggingProperties(enabled=true)
2023-06-26 14:37:41,207 INFO o.a.j.l.DirectJDKLog [main] Starting ProtocolHandler ["http-nio-8080"]
2023-06-26 14:37:41,285 INFO o.s.b.w.e.t.TomcatWebServer [main] Tomcat started on port(s): 8080 (http) with context path ''
2023-06-26 14:37:41,314 INFO o.s.b.StartupInfoLogger [main] Started NewsServiceApplication in 16.129 seconds (process running for 17.969)
2023-06-26 14:37:57,528 INFO o.a.j.l.DirectJDKLog [http-nio-8080-exec-1] Initializing Spring DispatcherServlet 'dispatcherServlet'
2023-06-26 14:37:57,529 INFO o.s.w.s.FrameworkServlet [http-nio-8080-exec-1] Initializing Servlet 'dispatcherServlet'
2023-06-26 14:37:57,534 INFO o.s.w.s.FrameworkServlet [http-nio-8080-exec-1] Completed initialization in 4 ms
2023-06-26 14:37:57,688 INFO r.c.l.a.a.LoggingAspect [http-nio-8080-exec-1] Controller request: Method - getCommentById accepted parameters: [5]
2023-06-26 14:37:57,689 INFO r.c.l.a.a.LoggingAspect [http-nio-8080-exec-1] Class CommentProxy: method getById accepted parameters - [5]
2023-06-26 14:37:57,709 INFO r.c.l.a.a.LoggingAspect [http-nio-8080-exec-1] Class CommentServiceImpl: method getById accepted parameters - [5]
2023-06-26 14:37:57,961 INFO r.c.l.a.a.LoggingAspect [http-nio-8080-exec-1] Class CommentServiceImpl getById object - [5]
2023-06-26 14:37:57,962 INFO r.c.l.a.a.LoggingAspect [http-nio-8080-exec-1] Class CommentServiceImpl: method - getById returned parameters - Comment(id=5, username=Madelle, text=You consistently exceed expectations, amazing job, createDateComment=2022-09-08T18:59:14, updateDateComment=2023-05-22T07:10:02)
2023-06-26 14:37:57,966 INFO r.c.l.a.a.LoggingAspect [http-nio-8080-exec-1] Class CommentProxy getById object - [5]
2023-06-26 14:37:57,967 INFO r.c.l.a.a.LoggingAspect [http-nio-8080-exec-1] Class CommentProxy: method - getById returned parameters - Comment(id=5, username=Madelle, text=You consistently exceed expectations, amazing job, createDateComment=2022-09-08T18:59:14, updateDateComment=2023-05-22T07:10:02)
2023-06-26 14:37:57,981 INFO r.c.l.a.a.LoggingAspect [http-nio-8080-exec-1] Controller response: Method - getCommentById return parameters: <302 FOUND Found,Comment(id=5, username=Madelle, text=You consistently exceed expectations, amazing job, createDateComment=2022-09-08T18:59:14, updateDateComment=2023-05-22T07:10:02),[]>
2023-06-26 14:38:09,188 INFO r.c.l.a.a.LoggingAspect [http-nio-8080-exec-3] Controller request: Method - getCommentById accepted parameters: [5]
2023-06-26 14:38:09,189 INFO r.c.l.a.a.LoggingAspect [http-nio-8080-exec-3] Class CommentProxy: method getById accepted parameters - [5]
2023-06-26 14:38:09,190 INFO r.c.l.a.a.LoggingAspect [http-nio-8080-exec-3] Class CommentProxy getById object - [5]
2023-06-26 14:38:09,191 INFO r.c.l.a.a.LoggingAspect [http-nio-8080-exec-3] Class CommentProxy: method - getById returned parameters - Comment(id=5, username=Madelle, text=You consistently exceed expectations, amazing job, createDateComment=2022-09-08T18:59:14, updateDateComment=2023-05-22T07:10:02)
2023-06-26 14:38:09,192 INFO r.c.l.a.a.LoggingAspect [http-nio-8080-exec-3] Controller response: Method - getCommentById return parameters: <302 FOUND Found,Comment(id=5, username=Madelle, text=You consistently exceed expectations, amazing job, createDateComment=2022-09-08T18:59:14, updateDateComment=2023-05-22T07:10:02),[]>
